<?xml version="1.0" encoding="UTF-8"?>
<!-- Generated by org.testng.reporters.JUnitXMLReporter -->
<testsuite ignored="2" hostname="Siddharthas-MacBook-Air.local" failures="0" tests="14" name="Test" time="0.026" errors="0" timestamp="2025-03-20T21:44:38 IST">
  <testcase classname="base.TestBase" name="@BeforeSuite setup" time="-1.742487278853E9">
    <failure type="org.testng.TestNGException" message="
Parameter &amp;apos;browser&amp;apos; is required by BeforeSuite on method setup but has not been marked @Optional or defined
in /Users/siddhartha/eclipse-workspace/SeleniumFramework/Master.xml">
      <![CDATA[org.testng.TestNGException: 
Parameter 'browser' is required by BeforeSuite on method setup but has not been marked @Optional or defined
in /Users/siddhartha/eclipse-workspace/SeleniumFramework/Master.xml
... Removed 16 stack frames]]>
    </failure>
  </testcase> <!-- @BeforeSuite setup -->
  <testcase classname="testCases.TC001_LoginPageTest" name="@BeforeClass init" time="-1.742487278863E9">
    <skipped/>
  </testcase> <!-- @BeforeClass init -->
  <testcase classname="base.TestBase" name="@BeforeMethod setupTest" time="-1.742487278866E9">
    <skipped/>
  </testcase> <!-- @BeforeMethod setupTest -->
  <testcase classname="base.TestBase" name="@BeforeMethod setupTest" time="-1.742487278868E9">
    <skipped/>
  </testcase> <!-- @BeforeMethod setupTest -->
  <testcase classname="base.TestBase" name="@BeforeMethod setupTest" time="-1.74248727887E9">
    <skipped/>
  </testcase> <!-- @BeforeMethod setupTest -->
  <testcase classname="base.TestBase" name="@BeforeMethod setupTest" time="-1.742487278871E9">
    <skipped/>
  </testcase> <!-- @BeforeMethod setupTest -->
  <testcase classname="base.TestBase" name="@BeforeMethod setupTest" time="-1.742487278873E9">
    <skipped/>
  </testcase> <!-- @BeforeMethod setupTest -->
  <testcase classname="base.TestBase" name="@BeforeMethod setupTest" time="-1.742487278874E9">
    <skipped/>
  </testcase> <!-- @BeforeMethod setupTest -->
  <testcase classname="base.TestBase" name="@BeforeMethod setupTest" time="-1.742487278875E9">
    <skipped/>
  </testcase> <!-- @BeforeMethod setupTest -->
  <testcase classname="base.TestBase" name="@BeforeMethod setupTest" time="-1.742487278876E9">
    <skipped/>
  </testcase> <!-- @BeforeMethod setupTest -->
  <testcase classname="base.TestBase" name="@BeforeMethod setupTest" time="-1.742487278877E9">
    <skipped/>
  </testcase> <!-- @BeforeMethod setupTest -->
  <testcase classname="base.TestBase" name="@BeforeMethod setupTest" time="-1.742487278878E9">
    <skipped/>
  </testcase> <!-- @BeforeMethod setupTest -->
  <testcase classname="base.TestBase" name="@BeforeMethod setupTest" time="-1.742487278879E9">
    <skipped/>
  </testcase> <!-- @BeforeMethod setupTest -->
  <testcase classname="testCases.TC002_DashboardPageTest" name="@BeforeClass init" time="-1.742487278881E9">
    <skipped/>
  </testcase> <!-- @BeforeClass init -->
  <testcase classname="base.TestBase" name="@BeforeMethod setupTest" time="-1.742487278881E9">
    <skipped/>
  </testcase> <!-- @BeforeMethod setupTest -->
  <testcase classname="base.TestBase" name="@BeforeMethod setupTest" time="-1.742487278882E9">
    <skipped/>
  </testcase> <!-- @BeforeMethod setupTest -->
  <testcase classname="base.TestBase" name="@BeforeMethod setupTest" time="-1.742487278883E9">
    <skipped/>
  </testcase> <!-- @BeforeMethod setupTest -->
  <testcase classname="testCases.TC001_LoginPageTest" name="clickOnLoginButton" time="0.0">
    <skipped/>
  </testcase> <!-- clickOnLoginButton -->
  <testcase classname="testCases.TC001_LoginPageTest" name="enterPassword" time="0.0">
    <skipped/>
  </testcase> <!-- enterPassword -->
  <testcase classname="testCases.TC001_LoginPageTest" name="enterUsername" time="0.0">
    <skipped/>
  </testcase> <!-- enterUsername -->
  <testcase classname="testCases.TC001_LoginPageTest" name="validatePresenceOfForgotPasswordLink" time="0.0">
    <skipped/>
  </testcase> <!-- validatePresenceOfForgotPasswordLink -->
  <testcase classname="testCases.TC001_LoginPageTest" name="validatePresenceOfLoginButton" time="0.0">
    <skipped/>
  </testcase> <!-- validatePresenceOfLoginButton -->
  <testcase classname="testCases.TC001_LoginPageTest" name="validatePresenceOfLoginPageHeader" time="0.0">
    <skipped/>
  </testcase> <!-- validatePresenceOfLoginPageHeader -->
  <testcase classname="testCases.TC001_LoginPageTest" name="validatePresenceOfLogo" time="0.0">
    <skipped/>
  </testcase> <!-- validatePresenceOfLogo -->
  <testcase classname="testCases.TC001_LoginPageTest" name="validatePresenceOfPasswordField" time="0.0">
    <skipped/>
  </testcase> <!-- validatePresenceOfPasswordField -->
  <testcase classname="testCases.TC001_LoginPageTest" name="validatePresenceOfPasswordInputHeader" time="0.0">
    <skipped/>
  </testcase> <!-- validatePresenceOfPasswordInputHeader -->
  <testcase classname="testCases.TC001_LoginPageTest" name="validatePresenceOfUserNameField" time="0.0">
    <skipped/>
  </testcase> <!-- validatePresenceOfUserNameField -->
  <testcase classname="testCases.TC001_LoginPageTest" name="validatePresenceOfUserNameInputheader" time="0.0">
    <skipped/>
  </testcase> <!-- validatePresenceOfUserNameInputheader -->
  <testcase classname="testCases.TC002_DashboardPageTest" name="clickOnUserProfileDropdDown" time="0.0">
    <skipped/>
  </testcase> <!-- clickOnUserProfileDropdDown -->
  <testcase classname="testCases.TC002_DashboardPageTest" name="validatePresenceOfUgradeButton" time="0.0">
    <skipped/>
  </testcase> <!-- validatePresenceOfUgradeButton -->
  <testcase classname="testCases.TC002_DashboardPageTest" name="validateUserProfileDropDownValues" time="0.0">
    <skipped/>
  </testcase> <!-- validateUserProfileDropDownValues -->
  <testcase classname="base.TestBase" name="@AfterSuite tearDown" time="0.0">
    <ignored/>
  </testcase> <!-- @AfterSuite tearDown -->
  <testcase classname="base.TestBase" name="@BeforeSuite setup" time="0.0">
    <ignored/>
  </testcase> <!-- @BeforeSuite setup -->
</testsuite> <!-- Test -->
