<?xml version="1.0" encoding="UTF-8"?>
<!-- Generated by org.testng.reporters.JUnitReportReporter -->
<testsuite hostname="Siddharthas-MacBook-Air.local" failures="0" tests="22" name="testCases.TC003_Login_DataDrivenTest" time="-1744382464.000" errors="1" timestamp="2025-04-11T20:11:11 IST" skipped="21">
  <testcase classname="testCases.TC003_Login_DataDrivenTest" name="verify_login" time="0.000">
    <skipped/>
  </testcase> <!-- verify_login -->
  <system-out/>
  <testcase classname="testCases.TC003_Login_DataDrivenTest" name="verify_login" time="0.000">
    <skipped/>
  </testcase> <!-- verify_login -->
  <system-out/>
  <testcase classname="testCases.TC003_Login_DataDrivenTest" name="verify_login" time="0.000">
    <skipped/>
  </testcase> <!-- verify_login -->
  <system-out/>
  <testcase classname="testCases.TC003_Login_DataDrivenTest" name="verify_login" time="0.000">
    <skipped/>
  </testcase> <!-- verify_login -->
  <system-out/>
  <testcase classname="testCases.TC003_Login_DataDrivenTest" name="verify_login" time="0.000">
    <skipped/>
  </testcase> <!-- verify_login -->
  <system-out/>
  <testcase classname="testCases.TC003_Login_DataDrivenTest" name="setup" time="-1744382464.000">
    <error message="
Parameter &#039;browser&#039; is required by BeforeSuite on method setup but has not been marked @Optional or defined
in /Users/siddhartha/eclipse-workspace/SeleniumFramework/DataDriven.xml" type="org.testng.TestNGException">
      <![CDATA[org.testng.TestNGException: 
Parameter 'browser' is required by BeforeSuite on method setup but has not been marked @Optional or defined
in /Users/siddhartha/eclipse-workspace/SeleniumFramework/DataDriven.xml
at org.testng.internal.Parameters.createParams(Parameters.java:270)
at org.testng.internal.Parameters.createParametersForMethod(Parameters.java:358)
at org.testng.internal.Parameters.createParameters(Parameters.java:700)
at org.testng.internal.Parameters.createConfigurationParameters(Parameters.java:168)
at org.testng.internal.ConfigInvoker.invokeConfigurations(ConfigInvoker.java:302)
at org.testng.SuiteRunner.privateRun(SuiteRunner.java:317)
at org.testng.SuiteRunner.run(SuiteRunner.java:276)
at org.testng.SuiteRunnerWorker.runSuite(SuiteRunnerWorker.java:53)
at org.testng.SuiteRunnerWorker.run(SuiteRunnerWorker.java:96)
at org.testng.TestNG.runSuitesSequentially(TestNG.java:1212)
at org.testng.TestNG.runSuitesLocally(TestNG.java:1134)
at org.testng.TestNG.runSuites(TestNG.java:1063)
at org.testng.TestNG.run(TestNG.java:1031)
at org.testng.remote.AbstractRemoteTestNG.run(AbstractRemoteTestNG.java:115)
at org.testng.remote.RemoteTestNG.initAndRun(RemoteTestNG.java:293)
at org.testng.remote.RemoteTestNG.main(RemoteTestNG.java:91)
]]>
    </error>
  </testcase> <!-- setup -->
  <system-out/>
  <testcase classname="testCases.TC003_Login_DataDrivenTest" name="verify_login" time="0.000">
    <skipped/>
  </testcase> <!-- verify_login -->
  <system-out/>
  <testcase classname="testCases.TC003_Login_DataDrivenTest" name="verify_login" time="0.000">
    <skipped/>
  </testcase> <!-- verify_login -->
  <system-out/>
  <testcase classname="testCases.TC003_Login_DataDrivenTest" name="verify_login" time="0.000">
    <skipped/>
  </testcase> <!-- verify_login -->
  <system-out/>
  <testcase classname="testCases.TC003_Login_DataDrivenTest" name="verify_login" time="0.000">
    <skipped/>
  </testcase> <!-- verify_login -->
  <system-out/>
  <testcase classname="testCases.TC003_Login_DataDrivenTest" name="verify_login" time="0.000">
    <skipped/>
  </testcase> <!-- verify_login -->
  <system-out/>
  <testcase classname="testCases.TC003_Login_DataDrivenTest" name="verify_login" time="0.000">
    <skipped/>
  </testcase> <!-- verify_login -->
  <system-out/>
  <testcase classname="testCases.TC003_Login_DataDrivenTest" name="verify_login" time="0.000">
    <skipped/>
  </testcase> <!-- verify_login -->
  <system-out/>
  <testcase classname="testCases.TC003_Login_DataDrivenTest" name="verify_login" time="0.000">
    <skipped/>
  </testcase> <!-- verify_login -->
  <system-out/>
  <testcase classname="testCases.TC003_Login_DataDrivenTest" name="verify_login" time="0.000">
    <skipped/>
  </testcase> <!-- verify_login -->
  <system-out/>
  <testcase classname="testCases.TC003_Login_DataDrivenTest" name="verify_login" time="0.000">
    <skipped/>
  </testcase> <!-- verify_login -->
  <system-out/>
  <testcase classname="testCases.TC003_Login_DataDrivenTest" name="verify_login" time="0.000">
    <skipped/>
  </testcase> <!-- verify_login -->
  <system-out/>
  <testcase classname="testCases.TC003_Login_DataDrivenTest" name="verify_login" time="0.000">
    <skipped/>
  </testcase> <!-- verify_login -->
  <system-out/>
  <testcase classname="testCases.TC003_Login_DataDrivenTest" name="verify_login" time="0.000">
    <skipped/>
  </testcase> <!-- verify_login -->
  <system-out/>
  <testcase classname="testCases.TC003_Login_DataDrivenTest" name="verify_login" time="0.000">
    <skipped/>
  </testcase> <!-- verify_login -->
  <system-out/>
  <testcase classname="testCases.TC003_Login_DataDrivenTest" name="verify_login" time="0.000">
    <skipped/>
  </testcase> <!-- verify_login -->
  <system-out/>
  <testcase classname="testCases.TC003_Login_DataDrivenTest" name="verify_login" time="0.000">
    <skipped/>
  </testcase> <!-- verify_login -->
  <system-out/>
</testsuite> <!-- testCases.TC003_Login_DataDrivenTest -->
